     0   4800      0      0      0      0
     1   4000      0      0      0      0
     2   4900      0      0      0      0
     3   4101      0      0      0      0
     4   4a00      0      1      0      0
     5   4200      0      1      0      0
     6   4b00      0      1      0      0
     7   430a      0      1      0      0
     8    a20      0      1      0     10
     9    840      0      1      1     10
    10   7040      1      1      1     10
    11   5260      1      1      1     10
    12   580e      1      1      1     10
    13   6008      1      1      1     10
     8    a20      1      1      1     10
     9    840      1      1      2     10
    10   7040      3      1      2     10
    11   5260      3      1      2     10
    12   580e      3      1      2     10
    13   6008      3      1      2     10
     8    a20      3      1      2     10
     9    840      3      1      3     10
    10   7040      6      1      3     10
    11   5260      6      1      3     10
    12   580e      6      1      3     10
    13   6008      6      1      3     10
     8    a20      6      1      3     10
     9    840      6      1      4     10
    10   7040     10      1      4     10
    11   5260     10      1      4     10
    12   580e     10      1      4     10
    13   6008     10      1      4     10
     8    a20     10      1      4     10
     9    840     10      1      5     10
    10   7040     15      1      5     10
    11   5260     15      1      5     10
    12   580e     15      1      5     10
    13   6008     15      1      5     10
     8    a20     15      1      5     10
     9    840     15      1      6     10
    10   7040     21      1      6     10
    11   5260     21      1      6     10
    12   580e     21      1      6     10
    13   6008     21      1      6     10
     8    a20     21      1      6     10
     9    840     21      1      7     10
    10   7040     28      1      7     10
    11   5260     28      1      7     10
    12   580e     28      1      7     10
    13   6008     28      1      7     10
     8    a20     28      1      7     10
     9    840     28      1      8     10
    10   7040     36      1      8     10
    11   5260     36      1      8     10
    12   580e     36      1      8     10
    13   6008     36      1      8     10
     8    a20     36      1      8     10
     9    840     36      1      9     10
    10   7040     45      1      9     10
    11   5260     45      1      9     10
    12   580e     45      1      9     10
    13   6008     45      1      9     10
     8    a20     45      1      9     10
     9    840     45      1     10     10
    10   7040     55      1     10     10
    11   5260     55      1     10     10
    12   580e     55      1     10     10
    14   7800     55      1     10     10
ram[64] = 55 
